# JRE version: OpenJDK Runtime Environment Microsoft-8035246 (17.0.8+7) (build 17.0.8+7-LTS)
# Java VM: OpenJDK 64-Bit Server VM Microsoft-8035246 (17.0.8+7-LTS, mixed mode, sharing, tiered, compressed oops, compressed class ptrs, g1 gc, windows-amd64)
GC Precious Log:
 CPUs: 12 total, 12 available
 Memory: 16251M
 Large Page Support: Disabled
 NUMA Support: Disabled
 Compressed Oops: Enabled (32-bit)
 Heap Region Size: 1M
 Heap Min Capacity: 8M
 Heap Initial Capacity: 254M
 Heap Max Capacity: 2G
 Pre-touch: Disabled
 Parallel Workers: 10
 Concurrent Workers: 3
 Concurrent Refinement Workers: 10
 Periodic GC: Disabled
Heap:
 garbage-first heap   total 264192K, used 189979K [0x0000000080000000, 0x0000000100000000)
  region size 1024K, 23 young (23552K), 5 survivors (5120K)
 Metaspace       used 98788K, committed 99840K, reserved 557056K
  class space    used 13894K, committed 14400K, reserved 425984K
GC Heap History (20 events):
Event: 15.724 GC heap before
{Heap before GC invocations=34 (full 0):
 garbage-first heap   total 220160K, used 138656K [0x0000000080000000, 0x0000000100000000)
  region size 1024K, 17 young (17408K), 3 survivors (3072K)
 Metaspace       used 88883K, committed 89856K, reserved 557056K
  class space    used 12524K, committed 12992K, reserved 425984K
}
Event: 15.726 GC heap after
{Heap after GC invocations=35 (full 0):
 garbage-first heap   total 220160K, used 129719K [0x0000000080000000, 0x0000000100000000)
  region size 1024K, 3 young (3072K), 3 survivors (3072K)
 Metaspace       used 88883K, committed 89856K, reserved 557056K
  class space    used 12524K, committed 12992K, reserved 425984K
}
Event: 16.133 GC heap before
{Heap before GC invocations=35 (full 0):
 garbage-first heap   total 220160K, used 175799K [0x0000000080000000, 0x0000000100000000)
  region size 1024K, 47 young (48128K), 3 survivors (3072K)
 Metaspace       used 89322K, committed 90240K, reserved 557056K
  class space    used 12577K, committed 12992K, reserved 425984K
}
Event: 16.137 GC heap after
{Heap after GC invocations=36 (full 0):
 garbage-first heap   total 220160K, used 141380K [0x0000000080000000, 0x0000000100000000)
  region size 1024K, 6 young (6144K), 6 survivors (6144K)
 Metaspace       used 89322K, committed 90240K, reserved 557056K
  class space    used 12577K, committed 12992K, reserved 425984K
}
Event: 16.360 GC heap before
{Heap before GC invocations=36 (full 0):
 garbage-first heap   total 220160K, used 177220K [0x0000000080000000, 0x0000000100000000)
  region size 1024K, 41 young (41984K), 6 survivors (6144K)
 Metaspace       used 91701K, committed 92672K, reserved 557056K
  class space    used 12908K, committed 13376K, reserved 425984K
}
Event: 16.364 GC heap after
{Heap after GC invocations=37 (full 0):
 garbage-first heap   total 220160K, used 144231K [0x0000000080000000, 0x0000000100000000)
  region size 1024K, 3 young (3072K), 3 survivors (3072K)
 Metaspace       used 91701K, committed 92672K, reserved 557056K
  class space    used 12908K, committed 13376K, reserved 425984K
}
Event: 16.694 GC heap before
{Heap before GC invocations=37 (full 0):
 garbage-first heap   total 220160K, used 180071K [0x0000000080000000, 0x0000000100000000)
  region size 1024K, 38 young (38912K), 3 survivors (3072K)
 Metaspace       used 95129K, committed 96128K, reserved 557056K
  class space    used 13381K, committed 13888K, reserved 425984K
}
Event: 16.697 GC heap after
{Heap after GC invocations=38 (full 0):
 garbage-first heap   total 220160K, used 146534K [0x0000000080000000, 0x0000000100000000)
  region size 1024K, 5 young (5120K), 5 survivors (5120K)
 Metaspace       used 95129K, committed 96128K, reserved 557056K
  class space    used 13381K, committed 13888K, reserved 425984K
}
Event: 16.981 GC heap before
{Heap before GC invocations=38 (full 0):
 garbage-first heap   total 220160K, used 182374K [0x0000000080000000, 0x0000000100000000)
  region size 1024K, 40 young (40960K), 5 survivors (5120K)
 Metaspace       used 96346K, committed 97344K, reserved 557056K
  class space    used 13542K, committed 14016K, reserved 425984K
}
Event: 16.985 GC heap after
{Heap after GC invocations=39 (full 0):
 garbage-first heap   total 220160K, used 149998K [0x0000000080000000, 0x0000000100000000)
  region size 1024K, 5 young (5120K), 5 survivors (5120K)
 Metaspace       used 96346K, committed 97344K, reserved 557056K
  class space    used 13542K, committed 14016K, reserved 425984K
}
Event: 17.200 GC heap before
{Heap before GC invocations=39 (full 0):
 garbage-first heap   total 220160K, used 183790K [0x0000000080000000, 0x0000000100000000)
  region size 1024K, 38 young (38912K), 5 survivors (5120K)
 Metaspace       used 96822K, committed 97792K, reserved 557056K
  class space    used 13583K, committed 14080K, reserved 425984K
}
Event: 17.205 GC heap after
{Heap after GC invocations=40 (full 0):
 garbage-first heap   total 220160K, used 154507K [0x0000000080000000, 0x0000000100000000)
  region size 1024K, 5 young (5120K), 5 survivors (5120K)
 Metaspace       used 96822K, committed 97792K, reserved 557056K
  class space    used 13583K, committed 14080K, reserved 425984K
}
Event: 17.374 GC heap before
{Heap before GC invocations=40 (full 0):
 garbage-first heap   total 220160K, used 185227K [0x0000000080000000, 0x0000000100000000)
  region size 1024K, 35 young (35840K), 5 survivors (5120K)
 Metaspace       used 97335K, committed 98432K, reserved 557056K
  class space    used 13638K, committed 14144K, reserved 425984K
}
Event: 17.378 GC heap after
{Heap after GC invocations=41 (full 0):
 garbage-first heap   total 264192K, used 157717K [0x0000000080000000, 0x0000000100000000)
  region size 1024K, 4 young (4096K), 4 survivors (4096K)
 Metaspace       used 97335K, committed 98432K, reserved 557056K
  class space    used 13638K, committed 14144K, reserved 425984K
}
Event: 17.619 GC heap before
{Heap before GC invocations=41 (full 0):
 garbage-first heap   total 264192K, used 213013K [0x0000000080000000, 0x0000000100000000)
  region size 1024K, 59 young (60416K), 4 survivors (4096K)
 Metaspace       used 98422K, committed 99456K, reserved 557056K
  class space    used 13862K, committed 14336K, reserved 425984K
}
Event: 17.622 GC heap after
{Heap after GC invocations=42 (full 0):
 garbage-first heap   total 264192K, used 159919K [0x0000000080000000, 0x0000000100000000)
  region size 1024K, 6 young (6144K), 6 survivors (6144K)
 Metaspace       used 98422K, committed 99456K, reserved 557056K
  class space    used 13862K, committed 14336K, reserved 425984K
}
Event: 17.779 GC heap before
{Heap before GC invocations=42 (full 0):
 garbage-first heap   total 264192K, used 216239K [0x0000000080000000, 0x0000000100000000)
  region size 1024K, 62 young (63488K), 6 survivors (6144K)
 Metaspace       used 98619K, committed 99584K, reserved 557056K
  class space    used 13881K, committed 14336K, reserved 425984K
}
Event: 17.784 GC heap after
{Heap after GC invocations=43 (full 0):
 garbage-first heap   total 264192K, used 165638K [0x0000000080000000, 0x0000000100000000)
  region size 1024K, 8 young (8192K), 8 survivors (8192K)
 Metaspace       used 98619K, committed 99584K, reserved 557056K
  class space    used 13881K, committed 14336K, reserved 425984K
}
Event: 18.089 GC heap before
{Heap before GC invocations=43 (full 0):
 garbage-first heap   total 264192K, used 227078K [0x0000000080000000, 0x0000000100000000)
  region size 1024K, 61 young (62464K), 8 survivors (8192K)
 Metaspace       used 98714K, committed 99776K, reserved 557056K
  class space    used 13885K, committed 14400K, reserved 425984K
}
Event: 18.094 GC heap after
{Heap after GC invocations=44 (full 0):
 garbage-first heap   total 264192K, used 173595K [0x0000000080000000, 0x0000000100000000)
  region size 1024K, 5 young (5120K), 5 survivors (5120K)
 Metaspace       used 98714K, committed 99776K, reserved 557056K
  class space    used 13885K, committed 14400K, reserved 425984K
}

